[00:00:05] [Server thread/INFO]: [JeylK: Gamerule keepInventory is now set to: true]
[00:00:27] [Server thread/INFO]: [JeylK: Gamerule doImmediateRespawn is now set to: true]
[00:00:59] [Server thread/INFO]: JeylK has made the advancement [Monster Hunter]
[00:01:30] [Server thread/INFO]: [JeylK: Teleported JeylK to Brandauwu]
[00:02:57] [Server thread/INFO]: [JeylK: Gamerule playersSleepingPercentage is now set to: 1]
[00:05:21] [Server thread/INFO]: Brandauwu lost connection: Disconnected
[00:05:21] [Server thread/INFO]: Brandauwu left the game
[00:08:08] [Server thread/INFO]: [JeylK: Set own game mode to Spectator Mode]
[00:08:23] [Server thread/INFO]: [JeylK: Set own game mode to Survival Mode]
[00:09:24] [Server thread/INFO]: JeylK has made the advancement [Diamonds!]
[00:17:36] [Server thread/INFO]: JeylK has made the advancement [Not Today, Thank You]
[00:40:40] [Server thread/INFO]: Villager class_1646['Villager'/6835, l='ServerLevel[world]', x=1288.18, y=61.00, z=550.38] died, message: 'Villager was slain by Zombie'
[00:54:20] [ForkJoinPool.commonPool-worker-3/WARN]: Failed to fetch skin: not found
[00:54:21] [Server thread/INFO]: Brandauwu[/127.96.48.178:57585] logged in with entity id 13345 at (1009.5664083901055, 68.0, 403.1500003220953)
[00:54:21] [Server thread/INFO]: Brandauwu joined the game
[01:06:03] [Server thread/INFO]: Brandauwu has made the advancement [Monster Hunter]
[01:06:14] [Server thread/INFO]: Brandauwu was shot by Skeleton
[01:09:30] [Server thread/INFO]: [JeylK: Teleported Brandauwu to JeylK]
[01:19:37] [Server thread/INFO]: JeylK has made the advancement [Ice Bucket Challenge]
[01:23:22] [Server thread/INFO]: JeylK fell from a high place
[01:23:38] [Server thread/INFO]: [JeylK: Teleported JeylK to Brandauwu]
[01:32:06] [Server thread/INFO]: JeylK was killed by Witch using magic
[01:39:08] [Server thread/INFO]: Brandauwu was slain by Enderman
[01:39:59] [Server thread/INFO]: [JeylK: Teleported Brandauwu to JeylK]
[01:40:26] [Server thread/INFO]: Brandauwu has made the advancement [Acquire Hardware]
[01:41:16] [Server thread/INFO]: Brandauwu has made the advancement [Suit Up]
[01:49:08] [Server thread/INFO]: JeylK has made the advancement [Isn't It Iron Pick]
[01:50:27] [Server thread/INFO]: Brandauwu was shot by Skeleton
[01:53:41] [Server thread/INFO]: Brandauwu lost connection: Timed out
[01:53:41] [Server thread/INFO]: Brandauwu left the game
[01:53:41] [Server thread/WARN]: handleDisconnection() called twice
[01:53:42] [Server thread/WARN]: JeylK moved too quickly! -9.426893145321174,-3.233632006042484,-1.3651081657301347
[01:55:38] [ForkJoinPool.commonPool-worker-5/WARN]: Failed to fetch skin: not found
[01:55:39] [Server thread/INFO]: Brandauwu[/127.96.48.178:40765] logged in with entity id 39395 at (1493.371568219485, 119.0, 958.5)
[01:55:39] [Server thread/INFO]: Brandauwu joined the game
[01:57:42] [Server thread/INFO]: JeylK fell from a high place
[01:58:33] [Server thread/INFO]: Brandauwu was slain by JeylK
[02:06:39] [Server thread/INFO]: JeylK lost connection: Disconnected
[02:06:39] [Server thread/INFO]: JeylK left the game
[02:06:48] [Server thread/INFO]: Brandauwu lost connection: Disconnected
[02:06:48] [Server thread/INFO]: Brandauwu left the game
[02:06:57] [Server thread/INFO]: Stopping the server
[02:06:57] [Server thread/INFO]: Stopping server
[02:06:57] [Server thread/INFO]: Saving players
[02:06:57] [Server thread/INFO]: Saving worlds
[02:06:57] [Server thread/INFO]: Saving chunks for level 'ServerLevel[world]'/minecraft:overworld
[02:06:57] [Server thread/INFO]: Saving chunks for level 'ServerLevel[world]'/minecraft:the_nether
[02:06:57] [Server thread/INFO]: Saving chunks for level 'ServerLevel[world]'/minecraft:the_end
[02:06:57] [Server thread/INFO]: ThreadedAnvilChunkStorage (world): All chunks are saved
[02:06:57] [Server thread/INFO]: ThreadedAnvilChunkStorage (DIM-1): All chunks are saved
[02:06:57] [Server thread/INFO]: ThreadedAnvilChunkStorage (DIM1): All chunks are saved
[02:06:57] [Server thread/INFO]: ThreadedAnvilChunkStorage: All dimensions are saved
